빌드 시작: 2016-10-19 오후 6:45:57
     1>2 노드의 "c:\Users\administrator\documents\visual studio 2010\Projects\select_in_worst_case\select_in_worst_case\select_in_worst_case.vcxproj" 프로젝트(build 대상)입니다.
     1>InitializeBuildStatus:
         "AlwaysCreate"이(가) 지정되었기 때문에 "Debug\select_in_worst_case.unsuccessfulbuild"을(를) 만들고 있습니다.
       ClCompile:
         C:\Program Files (x86)\Microsoft Visual Studio 10.0\VC\bin\CL.exe /c /ZI /nologo /W3 /WX- /Od /Oy- /D WIN32 /D _DEBUG /D _CONSOLE /D _UNICODE /D UNICODE /Gm /EHsc /RTC1 /MDd /GS /fp:precise /Zc:wchar_t /Zc:forScope /Fo"Debug\\" /Fd"Debug\vc100.pdb" /Gd /TC /analyze- /errorReport:prompt selection_in_worst_case.c
         selection_in_worst_case.c
     1>c:\users\administrator\documents\visual studio 2010\projects\select_in_worst_case\select_in_worst_case\selection_in_worst_case.c(59): warning C4101: 'tmp' :참조되지 않은 지역 변수입니다.
     1>c:\users\administrator\documents\visual studio 2010\projects\select_in_worst_case\select_in_worst_case\selection_in_worst_case.c(74): warning C4101: 'k' :참조되지 않은 지역 변수입니다.
     1>c:\users\administrator\documents\visual studio 2010\projects\select_in_worst_case\select_in_worst_case\selection_in_worst_case.c(106): warning C4996: 'fopen': This function or variable may be unsafe. Consider using fopen_s instead. To disable deprecation, use _CRT_SECURE_NO_WARNINGS. See online help for details.
                 c:\program files (x86)\microsoft visual studio 10.0\vc\include\stdio.h(234) : 'fopen' 선언을 참조하십시오.
     1>c:\users\administrator\documents\visual studio 2010\projects\select_in_worst_case\select_in_worst_case\selection_in_worst_case.c(108): warning C4996: 'fscanf': This function or variable may be unsafe. Consider using fscanf_s instead. To disable deprecation, use _CRT_SECURE_NO_WARNINGS. See online help for details.
                 c:\program files (x86)\microsoft visual studio 10.0\vc\include\stdio.h(253) : 'fscanf' 선언을 참조하십시오.
     1>c:\users\administrator\documents\visual studio 2010\projects\select_in_worst_case\select_in_worst_case\selection_in_worst_case.c(98): warning C4101: 'maxValue' :참조되지 않은 지역 변수입니다.
     1>c:\users\administrator\documents\visual studio 2010\projects\select_in_worst_case\select_in_worst_case\selection_in_worst_case.c(101): warning C4101: 'result' :참조되지 않은 지역 변수입니다.
       Link:
         C:\Program Files (x86)\Microsoft Visual Studio 10.0\VC\bin\link.exe /ERRORREPORT:PROMPT /OUT:"c:\users\administrator\documents\visual studio 2010\Projects\select_in_worst_case\Debug\select_in_worst_case.exe" /INCREMENTAL /NOLOGO kernel32.lib user32.lib gdi32.lib winspool.lib comdlg32.lib advapi32.lib shell32.lib ole32.lib oleaut32.lib uuid.lib odbc32.lib odbccp32.lib /MANIFEST /ManifestFile:"Debug\select_in_worst_case.exe.intermediate.manifest" /MANIFESTUAC:"level='asInvoker' uiAccess='false'" /DEBUG /PDB:"c:\users\administrator\documents\visual studio 2010\Projects\select_in_worst_case\Debug\select_in_worst_case.pdb" /SUBSYSTEM:CONSOLE /TLBID:1 /DYNAMICBASE /NXCOMPAT /IMPLIB:"c:\users\administrator\documents\visual studio 2010\Projects\select_in_worst_case\Debug\select_in_worst_case.lib" /MACHINE:X86 Debug\selection_in_worst_case.obj
         select_in_worst_case.vcxproj -> c:\users\administrator\documents\visual studio 2010\Projects\select_in_worst_case\Debug\select_in_worst_case.exe
       Manifest:
         C:\Program Files (x86)\Microsoft SDKs\Windows\v7.0A\bin\mt.exe /nologo /verbose /out:"c:\users\administrator\documents\visual studio 2010\Projects\select_in_worst_case\Debug\select_in_worst_case.exe.manifest" /manifest Debug\select_in_worst_case.exe.intermediate.manifest
       FinalizeBuildStatus:
         "Debug\select_in_worst_case.unsuccessfulbuild" 파일을 삭제하고 있습니다.
         "Debug\select_in_worst_case.lastbuildstate"에 연결(touching)하고 있습니다.
     1>"c:\Users\administrator\documents\visual studio 2010\Projects\select_in_worst_case\select_in_worst_case\select_in_worst_case.vcxproj" 프로젝트를 빌드했습니다(build 대상).

빌드했습니다.

경과 시간: 00:00:00.27
