빌드 시작: 2016-12-15 오후 9:43:03
     1>2 노드의 "c:\Users\administrator\documents\visual studio 2010\Projects\LCS\LCS\LCS.vcxproj" 프로젝트(build 대상)입니다.
     1>InitializeBuildStatus:
         "AlwaysCreate"이(가) 지정되었기 때문에 "Debug\LCS.unsuccessfulbuild"을(를) 만들고 있습니다.
       ClCompile:
         C:\Program Files (x86)\Microsoft Visual Studio 10.0\VC\bin\CL.exe /c /ZI /nologo /W3 /WX- /Od /Oy- /D WIN32 /D _DEBUG /D _CONSOLE /D _UNICODE /D UNICODE /Gm /EHsc /RTC1 /MDd /GS /fp:precise /Zc:wchar_t /Zc:forScope /Fo"Debug\\" /Fd"Debug\vc100.pdb" /Gd /TP /analyze- /errorReport:prompt LCS.cpp
         LCS.cpp
     1>c:\users\administrator\documents\visual studio 2010\projects\lcs\lcs\lcs.cpp(24): warning C4018: '<=' : signed 또는 unsigned가 일치하지 않습니다.
     1>c:\users\administrator\documents\visual studio 2010\projects\lcs\lcs\lcs.cpp(31): warning C4018: '<=' : signed 또는 unsigned가 일치하지 않습니다.
     1>c:\users\administrator\documents\visual studio 2010\projects\lcs\lcs\lcs.cpp(32): warning C4018: '<=' : signed 또는 unsigned가 일치하지 않습니다.
       Link:
         C:\Program Files (x86)\Microsoft Visual Studio 10.0\VC\bin\link.exe /ERRORREPORT:PROMPT /OUT:"c:\users\administrator\documents\visual studio 2010\Projects\LCS\Debug\LCS.exe" /INCREMENTAL /NOLOGO kernel32.lib user32.lib gdi32.lib winspool.lib comdlg32.lib advapi32.lib shell32.lib ole32.lib oleaut32.lib uuid.lib odbc32.lib odbccp32.lib /MANIFEST /ManifestFile:"Debug\LCS.exe.intermediate.manifest" /MANIFESTUAC:"level='asInvoker' uiAccess='false'" /DEBUG /PDB:"c:\users\administrator\documents\visual studio 2010\Projects\LCS\Debug\LCS.pdb" /SUBSYSTEM:CONSOLE /TLBID:1 /DYNAMICBASE /NXCOMPAT /IMPLIB:"c:\users\administrator\documents\visual studio 2010\Projects\LCS\Debug\LCS.lib" /MACHINE:X86 Debug\LCS.obj
         LCS.vcxproj -> c:\users\administrator\documents\visual studio 2010\Projects\LCS\Debug\LCS.exe
       Manifest:
         C:\Program Files (x86)\Microsoft SDKs\Windows\v7.0A\bin\mt.exe /nologo /verbose /out:"c:\users\administrator\documents\visual studio 2010\Projects\LCS\Debug\LCS.exe.manifest" /manifest Debug\LCS.exe.intermediate.manifest
       FinalizeBuildStatus:
         "Debug\LCS.unsuccessfulbuild" 파일을 삭제하고 있습니다.
         "Debug\LCS.lastbuildstate"에 연결(touching)하고 있습니다.
     1>"c:\Users\administrator\documents\visual studio 2010\Projects\LCS\LCS\LCS.vcxproj" 프로젝트를 빌드했습니다(build 대상).

빌드했습니다.

경과 시간: 00:00:00.61
